<?xml version="1.0" encoding="UTF-8"?>
<testng-results ignored="0" total="1" passed="0" failed="1" skipped="0">
  <reporter-output>
  </reporter-output>
  <suite started-at="2023-01-30T16:04:40 IST" name="Suite" finished-at="2023-01-30T16:04:58 IST" duration-ms="18112">
    <groups>
    </groups>
    <test started-at="2023-01-30T16:04:40 IST" name="Test" finished-at="2023-01-30T16:04:58 IST" duration-ms="18112">
      <class name="com.selenium.tests.AmazonHamburgerMenuPageTest">
        <test-method is-config="true" signature="setUp([Ljava.lang.Object;)[pri:0, instance:com.selenium.tests.AmazonHamburgerMenuPageTest@1e04fa0a]" started-at="2023-01-30T16:04:41 IST" name="setUp" finished-at="2023-01-30T16:04:52 IST" duration-ms="10881" status="PASS">
          <params>
            <param index="0">
              <value>
                <![CDATA[[Ljava.lang.Object;@77a2aa4a]]>
              </value>
            </param>
          </params>
          <reporter-output>
          </reporter-output>
        </test-method> <!-- setUp -->
        <test-method signature="amazonHamburgerMenuTest(java.util.Map)[pri:0, instance:com.selenium.tests.AmazonHamburgerMenuPageTest@1e04fa0a]" started-at="2023-01-30T16:04:52 IST" name="amazonHamburgerMenuTest" description="To check whether Amazon website is working or not" data-provider="getData" finished-at="2023-01-30T16:04:56 IST" duration-ms="3922" status="FAIL">
          <params>
            <param index="0">
              <value>
                <![CDATA[{password=, testcasename=amazonHamburgerMenuTest, browser=edge, name=, menuItem=Power Banks, execute=yes, username=}]]>
              </value>
            </param>
          </params>
          <exception class="java.lang.AssertionError">
            <message>
              <![CDATA[
Expecting not blank but was: ""]]>
            </message>
            <full-stacktrace>
              <![CDATA[java.lang.AssertionError: 
Expecting not blank but was: ""
at com.selenium.tests.AmazonHamburgerMenuPageTest.amazonHamburgerMenuTest(AmazonHamburgerMenuPageTest.java:18)
at java.base/jdk.internal.reflect.NativeMethodAccessorImpl.invoke0(Native Method)
at java.base/jdk.internal.reflect.NativeMethodAccessorImpl.invoke(NativeMethodAccessorImpl.java:77)
at java.base/jdk.internal.reflect.DelegatingMethodAccessorImpl.invoke(DelegatingMethodAccessorImpl.java:43)
at java.base/java.lang.reflect.Method.invoke(Method.java:568)
at org.testng.internal.MethodInvocationHelper.invokeMethod(MethodInvocationHelper.java:133)
at org.testng.internal.TestInvoker.invokeMethod(TestInvoker.java:598)
at org.testng.internal.TestInvoker.invokeTestMethod(TestInvoker.java:173)
at org.testng.internal.MethodRunner.runInSequence(MethodRunner.java:46)
at org.testng.internal.TestInvoker$MethodInvocationAgent.invoke(TestInvoker.java:824)
at org.testng.internal.TestInvoker.invokeTestMethods(TestInvoker.java:146)
at org.testng.internal.TestMethodWorker.invokeTestMethods(TestMethodWorker.java:146)
at org.testng.internal.TestMethodWorker.run(TestMethodWorker.java:128)
at java.base/java.util.concurrent.ThreadPoolExecutor.runWorker(ThreadPoolExecutor.java:1136)
at java.base/java.util.concurrent.ThreadPoolExecutor$Worker.run(ThreadPoolExecutor.java:635)
at java.base/java.lang.Thread.run(Thread.java:833)
]]>
            </full-stacktrace>
          </exception> <!-- java.lang.AssertionError -->
          <reporter-output>
          </reporter-output>
        </test-method> <!-- amazonHamburgerMenuTest -->
        <test-method is-config="true" signature="tearDown()[pri:0, instance:com.selenium.tests.AmazonHamburgerMenuPageTest@1e04fa0a]" started-at="2023-01-30T16:04:57 IST" name="tearDown" finished-at="2023-01-30T16:04:58 IST" duration-ms="549" status="PASS">
          <reporter-output>
          </reporter-output>
        </test-method> <!-- tearDown -->
      </class> <!-- com.selenium.tests.AmazonHamburgerMenuPageTest -->
    </test> <!-- Test -->
  </suite> <!-- Suite -->
</testng-results>
